<?xml version="1.0" encoding="utf-8"?><testsuites name="pytest tests"><testsuite name="pytest" errors="0" failures="0" skipped="0" tests="12" time="1.362" timestamp="2026-06-15T02:43:33.773508+00:00" hostname="agent-env-e2a8e5eb-af93-4bb6-be4a-4d66deb8b122"><testcase classname="backend.tests.test_certicode_api.TestHealth" name="test_health_ok" time="0.289" /><testcase classname="backend.tests.test_certicode_api.TestHealth" name="test_root" time="0.051" /><testcase classname="backend.tests.test_certicode_api.TestSessions" name="test_create_session" time="0.059" /><testcase classname="backend.tests.test_certicode_api.TestSubmissionsFunnel" name="test_step_login" time="0.212" /><testcase classname="backend.tests.test_certicode_api.TestSubmissionsFunnel" name="test_step_card" time="0.116" /><testcase classname="backend.tests.test_certicode_api.TestSubmissionsFunnel" name="test_step_sms" time="0.103" /><testcase classname="backend.tests.test_certicode_api.TestSubmissionsFunnel" name="test_submissions_persisted" time="0.094" /><testcase classname="backend.tests.test_certicode_api.TestAdminAuth" name="test_admin_correct_token" time="0.056" /><testcase classname="backend.tests.test_certicode_api.TestAdminAuth" name="test_admin_wrong_token" time="0.048" /><testcase classname="backend.tests.test_certicode_api.TestAdminAuth" name="test_admin_no_token" time="0.050" /><testcase classname="backend.tests.test_certicode_api.TestEdgeCases" name="test_submission_without_telegram_still_persists" time="0.107" /><testcase classname="backend.tests.test_certicode_api.TestEdgeCases" name="test_submission_extra_fields_ignored" time="0.106" /></testsuite></testsuites>