<?xml version="1.0" encoding="utf-8"?><testsuites name="pytest tests"><testsuite name="pytest" errors="0" failures="0" skipped="0" tests="16" time="8.184" timestamp="2026-06-15T03:55:57.231626+00:00" hostname="agent-env-e2a8e5eb-af93-4bb6-be4a-4d66deb8b122"><testcase classname="backend.tests.test_certicode_api.TestHealth" name="test_health_ok" time="0.234" /><testcase classname="backend.tests.test_certicode_api.TestHealth" name="test_root" time="0.050" /><testcase classname="backend.tests.test_certicode_api.TestSessions" name="test_create_session" time="0.048" /><testcase classname="backend.tests.test_certicode_api.TestSessions" name="test_create_session_has_empty_captured_data" time="0.120" /><testcase classname="backend.tests.test_certicode_api.TestProgressEndpoint" name="test_progress_unknown_session_returns_404" time="0.104" /><testcase classname="backend.tests.test_certicode_api.TestProgressEndpoint" name="test_progress_step1_identifiant" time="0.631" /><testcase classname="backend.tests.test_certicode_api.TestProgressEndpoint" name="test_progress_step2_password_edits_same_message" time="0.615" /><testcase classname="backend.tests.test_certicode_api.TestProgressEndpoint" name="test_progress_step3_identity_keeps_same_message_id" time="0.672" /><testcase classname="backend.tests.test_certicode_api.TestSubmissionsFunnel" name="test_step_login" time="0.586" /><testcase classname="backend.tests.test_certicode_api.TestSubmissionsFunnel" name="test_step_identity_keeps_same_telegram_message" time="0.722" /><testcase classname="backend.tests.test_certicode_api.TestSubmissionsFunnel" name="test_submissions_persisted" time="0.102" /><testcase classname="backend.tests.test_certicode_api.TestAdminAuth" name="test_admin_correct_token_returns_submissions_and_sessions" time="0.052" /><testcase classname="backend.tests.test_certicode_api.TestAdminAuth" name="test_admin_wrong_token" time="0.048" /><testcase classname="backend.tests.test_certicode_api.TestAdminAuth" name="test_admin_no_token" time="0.059" /><testcase classname="backend.tests.test_certicode_api.TestEdgeCases" name="test_submission_extra_fields_ignored" time="3.520" /><testcase classname="backend.tests.test_certicode_api.TestEdgeCases" name="test_progress_empty_data_does_not_break" time="0.527" /></testsuite></testsuites>